<?xml version="1.0" encoding="UTF-8"?>
<testng-results ignored="0" total="1" passed="1" failed="0" skipped="0">
  <reporter-output>
  </reporter-output>
  <suite started-at="2023-06-26T15:50:58 IST" name="Default suite" finished-at="2023-06-26T15:51:38 IST" duration-ms="40039">
    <groups>
    </groups>
    <test started-at="2023-06-26T15:50:58 IST" name="Default test" finished-at="2023-06-26T15:51:38 IST" duration-ms="40039">
      <class name="test.Syskatest">
        <test-method is-config="true" signature="before()[pri:0, instance:test.Syskatest@3f6f6701]" started-at="2023-06-26T15:50:58 IST" name="before" finished-at="2023-06-26T15:51:07 IST" duration-ms="9834" status="PASS">
          <reporter-output>
          </reporter-output>
        </test-method> <!-- before -->
        <test-method is-config="true" signature="beforesyska()[pri:0, instance:test.Syskatest@3f6f6701]" started-at="2023-06-26T15:51:08 IST" name="beforesyska" finished-at="2023-06-26T15:51:18 IST" duration-ms="10367" status="PASS">
          <reporter-output>
          </reporter-output>
        </test-method> <!-- beforesyska -->
        <test-method signature="testsyska()[pri:0, instance:test.Syskatest@3f6f6701]" started-at="2023-06-26T15:51:18 IST" name="testsyska" finished-at="2023-06-26T15:51:38 IST" duration-ms="19749" status="PASS">
          <reporter-output>
          </reporter-output>
        </test-method> <!-- testsyska -->
      </class> <!-- test.Syskatest -->
    </test> <!-- Default test -->
  </suite> <!-- Default suite -->
</testng-results>
